<?xml version="1.0" encoding="UTF-8"?>
<testsuite xmlns:xsi="http://www.w3.org/2001/XMLSchema-instance" xsi:noNamespaceSchemaLocation="https://maven.apache.org/surefire/maven-surefire-plugin/xsd/surefire-test-report-3.0.xsd" version="3.0" name="AppTest" time="1.264" tests="4" errors="0" skipped="0" failures="0">
  <properties>
[...]
</properties>
  <testcase name="test_factorial" classname="AppTest" time="1.111">
    <system-out><![CDATA[
The Result is 120

]]></system-out>
  </testcase>
  <testcase name="test_naturalLog" classname="AppTest" time="0.007">
    <system-out><![CDATA[
The Result is 0.999896315728952

]]></system-out>
  </testcase>
  <testcase name="test_squareRoot" classname="AppTest" time="0.004">
    <system-out><![CDATA[
The Result is 5.0

]]></system-out>
  </testcase>
  <testcase name="test_power" classname="AppTest" time="0.003">
    <system-out><![CDATA[
The Result is 32.0

]]></system-out>
  </testcase>
</testsuite>